three.min.js:1 Scripts "build/three.js" and "build/three.min.js" are deprecated with r150+, and will be removed with r160. Please use ES Modules or alternatives: https://threejs.org/docs/index.html#manual/en/introduction/Installation
(anonymous) @ three.min.js:1
renderer.js:2711 FFmpeg status on init: not available
renderer.js:5061 Shared audio system initialized with spatial audio support
renderer.js:2701 FFmpeg status received from main process: false
renderer.js:19293 PDF restored from saved state: 542 pages
renderer.js:19293 PDF restored from saved state: 14 pages
pdf.min.js:22 Warning: Cannot load system font: BookmanOldStyle-Bold, installing it could help to improve PDF rendering.
renderer.js:11601 Log recording started: I:\Загрузки\focuse-desktop-sim\activity-log-2026-01-06T13-44-43-773Z.txt
renderer.js:12941 [LAPTOP] Lid drag started: {objectId: 6, currentRotation: '-30.0°', currentRotationRadians: '-0.5236'}
renderer.js:13411 [LAPTOP] Lid drag ended: {objectId: 6, finalRotation: '-30.0°', finalRotationRadians: '-0.5236', isOpen: true}
renderer.js:12941 [LAPTOP] Lid drag started: {objectId: 6, currentRotation: '-30.0°', currentRotationRadians: '-0.5236'}
renderer.js:13411 [LAPTOP] Lid drag ended: {objectId: 6, finalRotation: '-30.0°', finalRotationRadians: '-0.5236', isOpen: true}
renderer.js:12941 [LAPTOP] Lid drag started: {objectId: 6, currentRotation: '-30.0°', currentRotationRadians: '-0.5236'}
renderer.js:13411 [LAPTOP] Lid drag ended: {objectId: 6, finalRotation: '-30.0°', finalRotationRadians: '-0.5236', isOpen: true}
renderer.js:12941 [LAPTOP] Lid drag started: {objectId: 6, currentRotation: '-30.0°', currentRotationRadians: '-0.5236'}
renderer.js:13411 [LAPTOP] Lid drag ended: {objectId: 6, finalRotation: '-30.0°', finalRotationRadians: '-0.5236', isOpen: true}
renderer.js:12941 [LAPTOP] Lid drag started: {objectId: 6, currentRotation: '-30.0°', currentRotationRadians: '-0.5236'}
renderer.js:13411 [LAPTOP] Lid drag ended: {objectId: 6, finalRotation: '-30.0°', finalRotationRadians: '-0.5236', isOpen: true}
renderer.js:12941 [LAPTOP] Lid drag started: {objectId: 6, currentRotation: '-30.0°', currentRotationRadians: '-0.5236'}
renderer.js:13411 [LAPTOP] Lid drag ended: {objectId: 6, finalRotation: '-30.0°', finalRotationRadians: '-0.5236', isOpen: true}
renderer.js:12941 [LAPTOP] Lid drag started: {objectId: 6, currentRotation: '-30.0°', currentRotationRadians: '-0.5236'}
renderer.js:13411 [LAPTOP] Lid drag ended: {objectId: 6, finalRotation: '-30.0°', finalRotationRadians: '-0.5236', isOpen: true}
renderer.js:12941 [LAPTOP] Lid drag started: {objectId: 6, currentRotation: '-30.0°', currentRotationRadians: '-0.5236'}
renderer.js:13411 [LAPTOP] Lid drag ended: {objectId: 6, finalRotation: '-30.0°', finalRotationRadians: '-0.5236', isOpen: true}
renderer.js:12941 [LAPTOP] Lid drag started: {objectId: 6, currentRotation: '-30.0°', currentRotationRadians: '-0.5236'}
renderer.js:13411 [LAPTOP] Lid drag ended: {objectId: 6, finalRotation: '-30.0°', finalRotationRadians: '-0.5236', isOpen: true}
renderer.js:12941 [LAPTOP] Lid drag started: {objectId: 6, currentRotation: '-30.0°', currentRotationRadians: '-0.5236'}
renderer.js:13411 [LAPTOP] Lid drag ended: {objectId: 6, finalRotation: '-30.0°', finalRotationRadians: '-0.5236', isOpen: true}
renderer.js:11630 Log recording stopped: I:\Загрузки\focuse-desktop-sim\activity-log-2026-01-06T13-44-43-773Z.txt
